Entering landing page...
Retrieving course list...
Processing...
Course /POPH8917_S1 succeed!
Course ACST3001_S1 has no data!
Course ACST4031_S1 succeed!
Course ACST4060_S1 succeed!
Course ACST4500_S1 has no data!
Course ACST4600_S1 has no data!
Course ACST8040_S1 succeed!
Course ACST8050_S1 has no data!
Course ACST8051_S1 has no data!
Course ACST8052_S1 has no data!
Course ACST8060_S1 succeed!
Course ANCH2022_S1 succeed!
Course ANTH1002_S1 succeed!
Course ANTH2009_S1 succeed!
Course ANTH2017_S1 succeed!
Course ANTH2025_S1 succeed!
Course ANTH2129_S1 succeed!
Course ANTH2134_S1 succeed!
Course ANTH6002_S1 succeed!
Course ANTH6009_S1 succeed!
Course ANTH6017_S1 succeed!
Course ANTH6025_S1 succeed!
Course ANTH6134_S1 succeed!
Course ANTH6515_S1 succeed!
Course ANTH8009_S1 succeed!
Course ANTH8019_S1 succeed!
Course ANTH8035_S1 succeed!
Course ANTH8054_S1 succeed!
Course ANTH8056_S1 succeed!
Course ANTH8107_S1 succeed!
Course ANUC1001_S1 succeed!
Course ANUC1003_S1 succeed!
Course ANUC1005_S1 succeed!
Course ANUC1100_S1 succeed!
Course ANUC1101_S1 succeed!
Course ANUC1102_S1 succeed!
Course ANUC1105_S1 succeed!
Course ANUC1109_S1 succeed!
Course ANUC1110_S1 succeed!
Course ANUC1111_S1 succeed!
Course ANUC1113_S1 succeed!
Course ANUC1121_S1 has no data!
Course ANUC1122_S1 succeed!
Course ANUC1123_S1 succeed!
Course ANUC1124_S1 succeed!
Course ANUC1125_S1 succeed!
Course ANUC1127_S1 succeed!
Course ANUC1129_S1 succeed!
Course ANUC1131_S1 succeed!
Course ANUC1133_S1 succeed!
Course ANUC1135_S1 succeed!
Course ANUC1136_S1 has no data!
Course ANUC1137_S1 succeed!
Course ANUC1710_S1 succeed!
Course ANUC2400_S1 succeed!
Course ARAB1002_S1 succeed!
Course ARAB2011_S1 succeed!
Course ARAB3001_S1 succeed!
Course ARAB3003_S1 succeed!
Course ARAB6102_S1 succeed!
Course ARAB6501_S1 succeed!
Course ARAB6503_S1 succeed!
Course ARAB6506_S1 succeed!
Course ARCH1111_S1 succeed!
Course ARCH2004_S1 succeed!
Course ARCH2037_S1 succeed!
Course ARCH3023_S1 succeed!
Course ARCH4001_S1 succeed!
Course ARCH4002_S1 succeed!
Course ARCH4004_S1 succeed!
Course ARCH6004_S1 succeed!
Course ARCH6037_S1 succeed!
Course ARCH8029_S1 has no data!
Course ARCH8030_S1 has no data!
Course ARCH8031_S1 has no data!
Course ARCH8032_S1 succeed!
Course ARCH8038_S1 has no data!
Course ARCH8040_S1 succeed!
Course ARCH8042_S1 has no data!
Course ARCH8043_S1 has no data!
Course ARCH8103_S1 succeed!
Course ARCH8106_S1 has no data!
Course ARTH1006_S1 succeed!
Course ARTH2061_S1 succeed!
Course ARTH2080_S1 succeed!
Course ARTH2082_S1 succeed!
Course ARTH2098_S1 succeed!
Course ARTH2164_S1 succeed!
Course ARTH2166_S1 has no data!
Course ARTH2169_S1 succeed!
Course ARTH4015_S1 has no data!
Course ARTH4017_S1 succeed!
Course ARTH6061_S1 succeed!
Course ARTH6080_S1 succeed!
Course ARTH6082_S1 succeed!
Course ARTH6164_S1 succeed!
Course ARTH6169_S1 succeed!
Course ARTH6598_S1 succeed!
Course ARTH8012_S1 succeed!
Course ARTH8014_S1 has no data!
Course ARTH8016_S1 has no data!
Course ARTS1101_S1 has no data!
Course ARTS2101_S1 has no data!
Course ARTS2102_S1 has no data!
Course ARTS3101_S1 has no data!
Course ARTS3102_S1 has no data!
Course ARTS5920_S1 has no data!
Course ARTS5999_S1 has no data!
Course ARTS8101_S1 has no data!
Course ARTS8102_S1 has no data!
Course ARTS8103_S1 has no data!
Course ARTS8820_S1 has no data!
Course ARTV1020_S1 succeed!
Course ARTV1021_S1 succeed!
Course ARTV1101_S1 succeed!
Course ARTV1103_S1 succeed!
Course ARTV1201_S1 succeed!
Course ARTV1302_S1 succeed!
Course ARTV1403_S1 succeed!
Course ARTV1501_S1 succeed!
Course ARTV1602_S1 succeed!
Course ARTV1703_S1 succeed!
Course ARTV1803_S1 succeed!
Course ARTV1901_S1 succeed!
Course ARTV2027_S1 succeed!
Course ARTV2059_S1 succeed!
Course ARTV2061_S1 succeed!
Course ARTV2124_S1 succeed!
Course ARTV2209_S1 succeed!
Course ARTV2314_S1 succeed!
Course ARTV2402_S1 succeed!
Course ARTV2506_S1 succeed!
Course ARTV2605_S1 succeed!
Course ARTV2615_S1 succeed!
Course ARTV2706_S1 succeed!
Course ARTV2717_S1 succeed!
Course ARTV2723_S1 succeed!
Course ARTV2727_S1 succeed!
Course ARTV2802_S1 succeed!
Course ARTV2820_S1 succeed!
Course ARTV2907_S1 succeed!
Course ARTV2921_S1 succeed!
Course ARTV3028_S1 succeed!
Course ARTV3031_S1 succeed!
Course ARTV3033_S1 succeed!
Course ARTV3507_S1 succeed!
Course ARTV4022_S1 succeed!
Course ARTV6000_S1 succeed!
Course ARTV6027_S1 succeed!
Course ARTV6059_S1 succeed!
Course ARTV6507_S1 succeed!
Course ARTV6602_S1 succeed!
Course ARTV6605_S1 succeed!
Course ARTV6703_S1 succeed!
Course ARTV6717_S1 succeed!
Course ARTV6820_S1 succeed!
Course ARTV6822_S1 succeed!
Course ARTV6823_S1 succeed!
Course ARTV6921_S1 succeed!
Course ARTV8038_S1 has no data!
Course ARTV8039_S1 has no data!
Course ARTV8040_S1 has no data!
Course ARTV8054_S1 has no data!
Course ASGS1113_S1 succeed!
Course ASGS1114_S1 succeed!
Course ASGS1115_S1 succeed!
Course ASIA1025_S1 succeed!
Course ASIA1114_S1 has no data!
Course ASIA1999_S1 succeed!
Course ASIA2001_S1 succeed!
Course ASIA2003_S1 succeed!
Course ASIA2009_S1 succeed!
Course ASIA2016_S1 succeed!
Course ASIA2017_S1 succeed!
Course ASIA2026_S1 succeed!
Course ASIA2037_S1 succeed!
Course ASIA2039_S1 succeed!
Course ASIA2045_S1 succeed!
Course ASIA2074_S1 succeed!
Course ASIA2099_S1 succeed!
Course ASIA2103_S1 succeed!
Course ASIA2107_S1 has no data!
Course ASIA2110_S1 has no data!
Course ASIA2165_S1 succeed!
Course ASIA2271_S1 succeed!
Course ASIA2301_S1 succeed!
Course ASIA2307_S1 succeed!
Course ASIA2516_S1 succeed!
Course ASIA3012_S1 has no data!
Course ASIA3023_S1 succeed!
Course ASIA3024_S1 succeed!
Course ASIA3029_S1 succeed!
Course ASIA3031_S1 succeed!
Course ASIA3040_S1 succeed!
Course ASIA3083_S1 has no data!
Course ASIA3114_S1 has no data!
Course ASIA3272_S1 succeed!
Course ASIA3551_S1 has no data!
Course ASIA4001_S1 succeed!
Course ASIA5920_S1 has no data!
Course ASIA5925_S1 has no data!
Course ASIA6010_S1 succeed!
Course ASIA6026_S1 succeed!
Course ASIA6037_S1 succeed!
Course ASIA6039_S1 succeed!
Course ASIA6040_S1 succeed!
Course ASIA6042_S1 succeed!
Course ASIA6074_S1 succeed!
Course ASIA6083_S1 has no data!
Course ASIA6116_S1 succeed!
Course ASIA6145_S1 succeed!
Course ASIA6165_S1 succeed!
Course ASIA6271_S1 succeed!
Course ASIA6272_S1 succeed!
Course ASIA6516_S1 succeed!
Course ASIA8012_S1 succeed!
Course ASIA8020_S1 succeed!
Course ASIA8046_S1 succeed!
Course ASIA8051_S1 succeed!
Course ASIA8500_S1 has no data!
Course ASIA8512_S1 has no data!
Course ASIA8514_S1 has no data!
Course ASIA9044_S1 succeed!
Course ASIA9051_S1 has no data!
Course ASTR1001_S1 has no data!
Course ASTR3005_S1 has no data!
Course ASTR3007_S1 succeed!
Course ASTR4003_S1 has no data!
Course ASTR4005_S1 has no data!
Course ASTR4011_S1 has no data!
Course ASTR4017_S1 has no data!
Course ASTR6007_S1 succeed!
Course ASTR8001_S1 has no data!
Course ASTR8003_S1 has no data!
Course ASTR8007_S1 has no data!
Course ASTR8010_S1 has no data!
Course ASTR8011_S1 has no data!
Course AUST1001_S1 succeed!
Course BIAN2015_S1 succeed!
Course BIAN2119_S1 succeed!
Course BIAN2126_S1 succeed!
Course BIAN3113_S1 succeed!
Course BIAN3124_S1 succeed!
Course BIAN3129_S1 has no data!
Course BIAN4010_S1 succeed!
Course BIAN4011_S1 succeed!
Course BIAN6013_S1 succeed!
Course BIAN6119_S1 succeed!
Course BIAN6124_S1 succeed!
Course BIAN6513_S1 succeed!
Course BIAN6517_S1 succeed!
Course BIAN8002_S1 has no data!
Course BIAN8003_S1 has no data!
Course BIOL1003_S1 succeed!
Course BIOL1008_S1 succeed!
Course BIOL2001_S1 succeed!
Course BIOL2131_S1 succeed!
Course BIOL2151_S1 succeed!
Course BIOL2161_S1 succeed!
Course BIOL2171_S1 succeed!
Course BIOL2191_S1 succeed!
Course BIOL3002_S1 succeed!
Course BIOL3107_S1 succeed!
Course BIOL3109_S1 succeed!
Course BIOL3113_S1 succeed!
Course BIOL3131_S1 succeed!
Course BIOL3132_S1 succeed!
Course BIOL3141_S1 succeed!
Course BIOL3161_S1 succeed!
Course BIOL3177_S1 succeed!
Course BIOL3186_S1 succeed!
Course BIOL3201_S1 succeed!
Course BIOL3204_S1 succeed!
Course BIOL3208_S1 has no data!
Course BIOL3209_S1 has no data!
Course BIOL4001_S1 has no data!
Course BIOL6002_S1 succeed!
Course BIOL6004_S1 succeed!
Course BIOL6006_S1 succeed!
Course BIOL6010_S1 succeed!
Course BIOL6035_S1 succeed!
Course BIOL6107_S1 succeed!
Course BIOL6109_S1 succeed!
Course BIOL6113_S1 succeed!
Course BIOL6141_S1 succeed!
Course BIOL6161_S1 succeed!
Course BIOL6163_S1 succeed!
Course BIOL6171_S1 succeed!
Course BIOL6177_S1 succeed!
Course BIOL6200_S1 succeed!
Course BIOL6201_S1 succeed!
Course BIOL6204_S1 succeed!
Course BIOL6631_S1 succeed!
Course BIOL8001_S1 succeed!
Course BIOL8021_S1 has no data!
Course BIOL8291_S1 succeed!
Course BIOL8700_S1 has no data!
Course BIOL8701_S1 has no data!
Course BIOL8702_S1 succeed!
Course BIOL8704_S1 has no data!
Course BIOL8706_S1 has no data!
Course BURM1002_S1 succeed!
Course BURM2001_S1 succeed!
Course BURM6002_S1 succeed!
Course BURM6101_S1 succeed!
Course BUSI2024_S1 succeed!
Course BUSI2034_S1 succeed!
Course BUSI3020_S1 succeed!
Course BUSI3030_S1 succeed!
Course BUSI4500_S1 has no data!
Course BUSI7001_S1 succeed!
Course BUSI7020_S1 succeed!
Course BUSI7033_S1 succeed!
Course BUSI7280_S1 succeed!
Course BUSN1001_S1 succeed!
Course BUSN1002_S1 succeed!
Course BUSN2011_S1 succeed!
Course BUSN2015_S1 succeed!
Course BUSN2036_S1 succeed!
Course BUSN2101_S1 succeed!
Course BUSN3001_S1 succeed!
Course BUSN3002_S1 succeed!
Course BUSN3003_S1 succeed!
Course BUSN3008_S1 succeed!
Course BUSN3014_S1 succeed!
Course BUSN3051_S1 succeed!
Course BUSN3059_S1 has no data!
Course BUSN3060_S1 has no data!
Course BUSN4007_S1 succeed!
Course BUSN4010_S1 has no data!
Course BUSN4013_S1 succeed!
Course BUSN4016_S1 has no data!
Course BUSN4045_S1 succeed!
Course BUSN4056_S1 has no data!
Course BUSN4101_S1 has no data!
Course BUSN4500_S1 has no data!
Course BUSN7005_S1 succeed!
Course BUSN7008_S1 succeed!
Course BUSN7021_S1 succeed!
Course BUSN7031_S1 succeed!
Course BUSN7036_S1 succeed!
Course BUSN7045_S1 succeed!
Course BUSN7049_S1 succeed!
Course BUSN7050_S1 succeed!
Course BUSN7051_S1 succeed!
Course BUSN7052_S1 succeed!
Course BUSN7054_S1 succeed!
Course BUSN7057_S1 succeed!
Course BUSN8003_S1 succeed!
Course BUSN8007_S1 succeed!
Course BUSN8010_S1 has no data!
Course BUSN8013_S1 succeed!
Course BUSN8016_S1 has no data!
Course BUSN8056_S1 has no data!
Course BUSN8100_S1 has no data!
Course BUSN8101_S1 has no data!
Course BUSN8102_S1 has no data!
Course BUSN8103_S1 has no data!
Course BUSN8145_S1 succeed!
Course BUSN8181_S1 succeed!
Course BUSN8200_S1 succeed!
Course BUSN8801_S1 has no data!
Course BUSN8802_S1 has no data!
Course BUSN8803_S1 has no data!
Course BUSN8804_S1 has no data!
Course CBEA3001_S1 succeed!
Course CBEA3066_S1 succeed!
Course CBEA3070_S1 succeed!
Course CBEA6070_S1 succeed!
Course CBEA8820_S1 has no data!
Course CECS6001_S1 succeed!
Course CECS8001_S1 has no data!
Course CHEM1101_S1 succeed!
Course CHEM2202_S1 succeed!
Course CHEM2210_S1 succeed!
Course CHEM2211_S1 succeed!
Course CHEM2212_S1 succeed!
Course CHEM3013_S1 succeed!
Course CHEM3060_S1 has no data!
Course CHEM3201_S1 succeed!
Course CHEM3202_S1 succeed!
Course CHEM3203_S1 succeed!
Course CHEM4005_S1 has no data!
Course CHIN1012_S1 succeed!
Course CHIN1013_S1 succeed!
Course CHIN1202_S1 has no data!
Course CHIN2014_S1 succeed!
Course CHIN2019_S1 succeed!
Course CHIN2024_S1 succeed!
Course CHIN3015_S1 succeed!
Course CHIN3022_S1 succeed!
Course CHIN3024_S1 succeed!
Course CHIN6012_S1 succeed!
Course CHIN6013_S1 succeed!
Course CHIN6015_S1 succeed!
Course CHIN6201_S1 succeed!
Course CHIN6520_S1 succeed!
Course CHIN6522_S1 succeed!
Course CHIN6524_S1 succeed!
Course CHIN6530_S1 succeed!
Course CHMD8001_S1 has no data!
Course CHMD8006_S1 succeed!
Course CHMD8010_S1 succeed!
Course CHMD8011_S1 succeed!
Course CHMD8019_S1 has no data!
Course CHMD8021_S1 succeed!
Course CHMD8022_S1 succeed!
Course CHST3211_S1 succeed!
Course CHST6211_S1 succeed!
Course CLAS1001_S1 succeed!
Course CLAS1004_S1 succeed!
Course CLAS2011_S1 succeed!
Course CLAS4006_S1 succeed!
Course CLAS6001_S1 succeed!
Course CLAS8002_S1 has no data!
Course CLAS8003_S1 has no data!
Course CLAS8018_S1 has no data!
Course CLAS8019_S1 succeed!
Course COMP1100_S1 succeed!
Course COMP1110_S1 succeed!
Course COMP1130_S1 succeed!
Course COMP1710_S1 succeed!
Course COMP1730_S1 succeed!
Course COMP2100_S1 succeed!
Course COMP2300_S1 succeed!
Course COMP2410_S1 succeed!
Course COMP2420_S1 succeed!
Course COMP2550_S1 succeed!
Course COMP2620_S1 succeed!
Course COMP2710_S1 succeed!
Course COMP3120_S1 succeed!
Course COMP3310_S1 succeed!
Course COMP3425_S1 succeed!
Course COMP3500_S1 succeed!
Course COMP3550_S1 succeed!
Course COMP3560_S1 has no data!
Course COMP3620_S1 succeed!
Course COMP3702_S1 succeed!
Course COMP3710_S1 has no data!
Course COMP3740_S1 has no data!
Course COMP3770_S1 has no data!
Course COMP3820_S1 succeed!
Course COMP4005F_S1 succeed!
Course COMP4005P_S1 succeed!
Course COMP4130_S1 succeed!
Course COMP4450_S1 succeed!
Course COMP4500_S1 succeed!
Course COMP4540_S1 succeed!
Course COMP4550_S1 succeed!
Course COMP4560_S1 has no data!
Course COMP4660_S1 succeed!
Course COMP4670_S1 succeed!
Course COMP4680_S1 succeed!
Course COMP4800_S1 has no data!
Course COMP4801_S1 has no data!
Course COMP4880_S1 succeed!
Course COMP5920_S1 has no data!
Course COMP6250_S1 succeed!
Course COMP6262_S1 succeed!
Course COMP6300_S1 succeed!
Course COMP6320_S1 succeed!
Course COMP6331_S1 succeed!
Course COMP6340_S1 succeed!
Course COMP6420_S1 succeed!
Course COMP6442_S1 succeed!
Course COMP6445_S1 succeed!
Course COMP6470_S1 succeed!
Course COMP6710_S1 succeed!
Course COMP6719_S1 succeed!
Course COMP6730_S1 succeed!
Course COMP6780_S1 succeed!
Course COMP7240_S1 has no data!
Course COMP8100_S1 succeed!
Course COMP8110_S1 succeed!
Course COMP8200_S1 has no data!
Course COMP8260_S1 succeed!
Course COMP8410_S1 succeed!
Course COMP8420_S1 succeed!
Course COMP8600_S1 succeed!
Course COMP8650_S1 succeed!
Course COMP8715_S1 succeed!
Course COMP8755_S1 has no data!
Course COMP8800_S1 succeed!
Course COMP8820_S1 has no data!
Course COMP8830_S1 succeed!
Course COMP8880_S1 succeed!
Course CRIM1001_S1 succeed!
Course CRIM2000_S1 succeed!
Course CRIM2007_S1 succeed!
Course CRIM2013_S1 succeed!
Course CRIM2014_S1 succeed!
Course CRIM4001_S1 succeed!
Course CRIM6000_S1 succeed!
Course CRIM6008_S1 succeed!
Course CRIM6013_S1 succeed!
Course CRIM6014_S1 succeed!
Course CRIM8001_S1 succeed!
Course CRIM8003_S1 succeed!
Course CRWF8000_S1 succeed!
Course CRWF8019_S1 has no data!
Course DEMO2002_S1 succeed!
Course DEMO8008_S1 succeed!
Course DEMO8024_S1 succeed!
Course DEMO8063_S1 succeed!
Course DESA1021_S1 succeed!
Course DESA2209_S1 succeed!
Course DESA2907_S1 succeed!
Course DESA3004_S1 succeed!
Course DESA4001_S1 succeed!
Course DESN1003_S1 succeed!
Course DESN2002_S1 succeed!
Course DESN2008_S1 succeed!
Course DESN3010_S1 succeed!
Course DESN6002_S1 succeed!
Course DESN6010_S1 succeed!
Course DESN8001_S1 has no data!
Course DESN8002_S1 has no data!
Course DESN8003_S1 has no data!
Course DIPL2000_S1 succeed!
Course DIPL8001_S1 succeed!
Course DIPL8003_S1 succeed!
Course DIPL8004_S1 succeed!
Course DIPL8011_S1 has no data!
Course DIPL8012_S1 has no data!
Course DIPL8013_S1 succeed!
Course DIPL8016_S1 succeed!
Course DIPL8017_S1 has no data!
Course ECHI1006_S1 succeed!
Course ECON1101_S1 succeed!
Course ECON1102_S1 succeed!
Course ECON2009_S1 succeed!
Course ECON2014_S1 succeed!
Course ECON2026_S1 succeed!
Course ECON2059_S1 succeed!
Course ECON2080_S1 succeed!
Course ECON2101_S1 succeed!
Course ECON2102_S1 succeed!
Course ECON2125_S1 succeed!
Course ECON2131_S1 succeed!
Course ECON2132_S1 succeed!
Course ECON2141_S1 succeed!
Course ECON2900_S1 succeed!
Course ECON2901_S1 succeed!
Course ECON3006_S1 succeed!
Course ECON3013_S1 succeed!
Course ECON3016_S1 succeed!
Course ECON3101_S1 succeed!
Course ECON3103_S1 succeed!
Course ECON4409_S1 succeed!
Course ECON4411_S1 succeed!
Course ECON4415_S1 succeed!
Course ECON4422_S1 succeed!
Course ECON4434_S1 succeed!
Course ECON4437_S1 succeed!
Course ECON4441_S1 succeed!
Course ECON4488_S1 has no data!
Course ECON6014_S1 succeed!
Course ECON7073_S1 succeed!
Course ECON7074_S1 succeed!
Course ECON8011_S1 succeed!
Course ECON8013_S1 succeed!
Course ECON8015_S1 succeed!
Course ECON8022_S1 succeed!
Course ECON8025_S1 succeed!
Course ECON8026_S1 succeed!
Course ECON8034_S1 succeed!
Course ECON8037_S1 succeed!
Course ECON8041_S1 succeed!
Course ECON8069_S1 succeed!
Course ECON8180_S1 succeed!
Course ECON8887_S1 has no data!
Course ECON8901_S1 succeed!
Course EMDV8008_S1 succeed!
Course EMDV8011_S1 succeed!
Course EMDV8012_S1 succeed!
Course EMDV8013_S1 succeed!
Course EMDV8016_S1 has no data!
Course EMDV8041_S1 has no data!
Course EMDV8079_S1 succeed!
Course EMDV8081_S1 has no data!
Course EMDV8102_S1 succeed!
Course EMDV8103_S1 succeed!
Course EMDV8104_S1 succeed!
Course EMDV8108_S1 has no data!
Course EMDV8126_S1 succeed!
Course EMET1001_S1 succeed!
Course EMET2007_S1 succeed!
Course EMET3006_S1 succeed!
Course EMET4007_S1 succeed!
Course EMET4301_S1 succeed!
Course EMET4314_S1 succeed!
Course EMET6007_S1 succeed!
Course EMET7001_S1 succeed!
Course EMET8001_S1 succeed!
Course EMET8002_S1 succeed!
Course EMET8005_S1 succeed!
Course EMET8014_S1 succeed!
Course EMSC1006_S1 succeed!
Course EMSC1901_S1 has no data!
Course EMSC2022_S1 succeed!
Course EMSC2023_S1 succeed!
Course EMSC3020_S1 succeed!
Course EMSC3023_S1 succeed!
Course EMSC3024_S1 succeed!
Course EMSC3030_S1 has no data!
Course EMSC3032_S1 succeed!
Course EMSC3033_S1 succeed!
Course EMSC4005_S1 has no data!
Course EMSC4008_S1 has no data!
Course EMSC4017_S1 succeed!
Course EMSC4018_S1 succeed!
Course EMSC4020_S1 succeed!
Course EMSC4033_S1 succeed!
Course EMSC4040_S1 has no data!
Course EMSC4121_S1 succeed!
Course EMSC4123_S1 succeed!
Course EMSC4706_S1 succeed!
Course EMSC6023_S1 succeed!
Course EMSC6024_S1 succeed!
Course EMSC6032_S1 succeed!
Course EMSC6040_S1 has no data!
Course EMSC6107_S1 succeed!
Course EMSC6122_S1 has no data!
Course EMSC6123_S1 succeed!
Course EMSC6801_S1 has no data!
Course EMSC8017_S1 succeed!
Course EMSC8018_S1 succeed!
Course EMSC8021_S1 succeed!
Course EMSC8023_S1 has no data!
Course EMSC8024_S1 succeed!
Course EMSC8030_S1 has no data!
Course EMSC8033_S1 succeed!
Course EMSC8034_S1 succeed!
Course EMSC8701_S1 has no data!
Course EMSC8706_S1 succeed!
Course EMSC8712_S1 succeed!
Course ENGL1014_S1 succeed!
Course ENGL2006_S1 succeed!
Course ENGL2078_S1 succeed!
Course ENGL2081_S1 succeed!
Course ENGL2086_S1 succeed!
Course ENGL2115_S1 has no data!
Course ENGL3022_S1 succeed!
Course ENGL3037_S1 succeed!
Course ENGL3052_S1 succeed!
Course ENGL4020_S1 succeed!
Course ENGL4021_S1 succeed!
Course ENGL6022_S1 succeed!
Course ENGL6024_S1 succeed!
Course ENGL6026_S1 succeed!
Course ENGL6029_S1 succeed!
Course ENGL6035_S1 has no data!
Course ENGL6086_S1 succeed!
Course ENGL8020_S1 succeed!
Course ENGL8021_S1 succeed!
Course ENGN1211_S1 succeed!
Course ENGN1215_S1 succeed!
Course ENGN2217_S1 succeed!
Course ENGN2218_S1 succeed!
Course ENGN2219_S1 succeed!
Course ENGN2225_S1 succeed!
Course ENGN2706_S1 succeed!
Course ENGN3100_S1 has no data!
Course ENGN3200_S1 has no data!
Course ENGN3213_S1 succeed!
Course ENGN3221_S1 succeed!
Course ENGN3224_S1 succeed!
Course ENGN3226_S1 succeed!
Course ENGN3331_S1 succeed!
Course ENGN3512_S1 succeed!
Course ENGN3601_S1 succeed!
Course ENGN3706_S1 has no data!
Course ENGN3712_S1 has no data!
Course ENGN3810_S1 succeed!
Course ENGN3820_S1 succeed!
Course ENGN4027_S1 succeed!
Course ENGN4100_S1 has no data!
Course ENGN4200_S1 succeed!
Course ENGN4212_S1 succeed!
Course ENGN4221_S1 succeed!
Course ENGN4513_S1 succeed!
Course ENGN4520_S1 has no data!
Course ENGN4521_S1 has no data!
Course ENGN4522_S1 has no data!
Course ENGN4523_S1 has no data!
Course ENGN4524_S1 succeed!
Course ENGN4528_S1 succeed!
Course ENGN4537_S1 succeed!
Course ENGN4706_S1 has no data!
Course ENGN4712_S1 has no data!
Course ENGN4718_S1 has no data!
Course ENGN4811_S1 has no data!
Course ENGN5920_S1 has no data!
Course ENGN6213_S1 succeed!
Course ENGN6224_S1 succeed!
Course ENGN6250_S1 succeed!
Course ENGN6331_S1 succeed!
Course ENGN6512_S1 succeed!
Course ENGN6513_S1 succeed!
Course ENGN6520_S1 has no data!
Course ENGN6521_S1 has no data!
Course ENGN6524_S1 succeed!
Course ENGN6528_S1 succeed!
Course ENGN6537_S1 succeed!
Course ENGN6601_S1 succeed!
Course ENGN6626_S1 succeed!
Course ENGN8100_S1 succeed!
Course ENGN8170_S1 succeed!
Course ENGN8200_S1 has no data!
Course ENGN8260_S1 succeed!
Course ENGN8535_S1 succeed!
Course ENGN8538_S1 succeed!
Course ENGN8602_S1 has no data!
Course ENGN8637_S1 succeed!
Course ENGN8831_S1 succeed!
Course ENGN8833_S1 succeed!
Course ENVS1001_S1 succeed!
Course ENVS2007_S1 succeed!
Course ENVS2011_S1 succeed!
Course ENVS2025_S1 succeed!
Course ENVS3005_S1 succeed!
Course ENVS3028_S1 succeed!
Course ENVS3041_S1 succeed!
Course ENVS4000_S1 has no data!
Course ENVS4001_S1 has no data!
Course ENVS6020_S1 succeed!
Course ENVS6026_S1 succeed!
Course ENVS6101_S1 succeed!
Course ENVS6528_S1 succeed!
Course ENVS6555_S1 succeed!
Course ENVS8000F_S1 succeed!
Course ENVS8000P_S1 succeed!
Course ENVS8013_S1 has no data!
Course ENVS8015_S1 succeed!
Course ENVS8048_S1 has no data!
Course ENVS8105_S1 succeed!
Course ESEN1101_S1 succeed!
Course ESEN6101_S1 succeed!
Course EURO2012_S1 succeed!
Course FINM1001_S1 succeed!
Course FINM2001_S1 succeed!
Course FINM2002_S1 succeed!
Course FINM2003_S1 succeed!
Course FINM3003_S1 succeed!
Course FINM3004_S1 has no data!
Course FINM3005_S1 succeed!
Course FINM3006_S1 succeed!
Course FINM3008_S1 succeed!
Course FINM3009_S1 succeed!
Course FINM3010_S1 succeed!
Course FINM3045_S1 succeed!
Course FINM4015_S1 succeed!
Course FINM4017_S1 succeed!
Course FINM4106_S1 succeed!
Course FINM4500_S1 has no data!
Course FINM7003_S1 succeed!
Course FINM7006_S1 succeed!
Course FINM7007_S1 succeed!
Course FINM7008_S1 succeed!
Course FINM7041_S1 succeed!
Course FINM7044_S1 succeed!
Course FINM7045_S1 succeed!
Course FINM7046_S1 succeed!
Course FINM8004_S1 succeed!
Course FINM8006_S1 succeed!
Course FINM8007_S1 succeed!
Course FINM8014_S1 succeed!
Course FINM8016_S1 succeed!
Course FINM8017_S1 succeed!
Course FINM8020_S1 succeed!
Course FINM8021_S1 succeed!
Course FINM8100_S1 succeed!
Course FINM8500_S1 has no data!
Course FREN1003_S1 succeed!
Course FREN2021_S1 succeed!
Course FREN2024_S1 succeed!
Course FREN3006_S1 succeed!
Course FREN3010_S1 succeed!
Course FREN3515_S1 succeed!
Course FREN6010_S1 succeed!
Course FREN6501_S1 succeed!
Course FREN6503_S1 succeed!
Course FREN6505_S1 succeed!
Course FREN6510_S1 succeed!
Course FREN6515_S1 succeed!
Course GEND1001_S1 succeed!
Course GEND2035_S1 succeed!
Course GEND3001_S1 succeed!
Course GERM1021_S1 succeed!
Course GERM2103_S1 succeed!
Course GERM2105_S1 succeed!
Course GERM3007_S1 succeed!
Course GERM3052_S1 succeed!
Course GERM6052_S1 succeed!
Course GERM6501_S1 succeed!
Course GERM6503_S1 succeed!
Course GERM6505_S1 succeed!
Course GERM6507_S1 succeed!
Course GREK2121_S1 succeed!
Course GREK3125_S1 succeed!
Course GREK6121_S1 succeed!
Course GREK6125_S1 succeed!
Course HIND1100_S1 succeed!
Course HIND2300_S1 succeed!
Course HIND3500_S1 succeed!
Course HIND6100_S1 succeed!
Course HIND6300_S1 succeed!
Course HIND6500_S1 succeed!
Course HIST1214_S1 succeed!
Course HIST1215_S1 succeed!
Course HIST2022_S1 succeed!
Course HIST2110_S1 succeed!
Course HIST2133_S1 succeed!
Course HIST2143_S1 succeed!
Course HIST2144_S1 has no data!
Course HIST2214_S1 succeed!
Course HIST2226_S1 succeed!
Course HIST2236_S1 succeed!
Course HIST2238_S1 succeed!
Course HIST2239_S1 succeed!
Course HIST4011_S1 succeed!
Course HIST6022_S1 succeed!
Course HIST6110_S1 succeed!
Course HIST6133_S1 succeed!
Course HIST6143_S1 succeed!
Course HIST6144_S1 has no data!
Course HIST6214_S1 succeed!
Course HIST6236_S1 succeed!
Course HIST6238_S1 succeed!
Course HIST8021_S1 has no data!
Course HIST8023_S1 succeed!
Course HIST8024_S1 succeed!
Course HIST8026_S1 has no data!
Course HIST8101_S1 succeed!
Course HIST8104_S1 has no data!
Course HLTH1001_S1 succeed!
Course HLTH2002_S1 succeed!
Course HONS4100_S1 has no data!
Course HONS4400_S1 has no data!
Course HONS4600_S1 has no data!
Course HONS4601_S1 has no data!
Course HONS4602_S1 has no data!
Course HONS4700_S1 has no data!
Course HUMN1001_S1 succeed!
Course HUMN2002_S1 has no data!
Course HUMN2051_S1 succeed!
Course HUMN3001_S1 succeed!
Course HUMN6002_S1 has no data!
Course HUMN6003_S1 succeed!
Course HUMN6051_S1 succeed!
Course HUMN8007_S1 has no data!
Course HUMN8018_S1 has no data!
Course HUMN8029_S1 succeed!
Course HUMN8030_S1 has no data!
Course HUMN8031_S1 has no data!
Course HUMN8035_S1 succeed!
Course HUMN8038_S1 succeed!
Course IDEC8003_S1 succeed!
Course IDEC8007_S1 succeed!
Course IDEC8010_S1 succeed!
Course IDEC8011_S1 succeed!
Course IDEC8015_S1 succeed!
Course IDEC8016_S1 succeed!
Course IDEC8020_S1 succeed!
Course IDEC8021_S1 succeed!
Course IDEC8023_S1 succeed!
Course IDEC8028_S1 succeed!
Course IDEC8029_S1 succeed!
Course IDEC8031_S1 succeed!
Course IDEC8053_S1 succeed!
Course IDEC8064_S1 succeed!
Course INDG1001_S1 succeed!
Course INDG2001_S1 succeed!
Course INDG2003_S1 succeed!
Course INDG2005_S1 succeed!
Course INDG3004_S1 has no data!
Course INDG6003_S1 succeed!
Course INDG6005_S1 succeed!
Course INDG8004_S1 succeed!
Course INDG8005_S1 succeed!
Course INDN1002_S1 succeed!
Course INDN1201_S1 has no data!
Course INDN2002_S1 succeed!
Course INDN3002_S1 succeed!
Course INDN3015_S1 succeed!
Course INDN6002_S1 succeed!
Course INDN6015_S1 succeed!
Course INDN6102_S1 succeed!
Course INDN6502_S1 succeed!
Course INFS1001_S1 succeed!
Course INFS2005_S1 succeed!
Course INFS2024_S1 succeed!
Course INFS3024_S1 succeed!
Course INFS4004_S1 has no data!
Course INFS4201_S1 has no data!
Course INFS4205_S1 has no data!
Course INFS4500_S1 has no data!
Course INFS7004_S1 succeed!
Course INFS7040_S1 succeed!
Course INFS8004_S1 succeed!
Course INFS8201_S1 has no data!
Course INFS8202_S1 has no data!
Course INFS8205_S1 succeed!
Course INFS8210_S1 succeed!
Course INTR1021_S1 succeed!
Course INTR2010_S1 succeed!
Course INTR2014_S1 succeed!
Course INTR2016_S1 succeed!
Course INTR2020_S1 succeed!
Course INTR8011_S1 succeed!
Course INTR8013_S1 succeed!
Course INTR8018_S1 succeed!
Course INTR8020_S1 succeed!
Course INTR8036_S1 succeed!
Course INTR8038_S1 has no data!
Course INTR8039_S1 has no data!
Course INTR8043_S1 succeed!
Course INTR8050_S1 succeed!
Course INTR8053_S1 succeed!
Course INTR8062_S1 succeed!
Course INTR8063_S1 succeed!
Course INTR8065_S1 succeed!
Course INTR8069_S1 succeed!
Course INTR8070_S1 succeed!
Course INTR8071_S1 succeed!
Course ITAL1002_S1 succeed!
Course ITAL2005_S1 succeed!
Course ITAL3015_S1 succeed!
Course ITAL3505_S1 succeed!
Course ITAL6501_S1 succeed!
Course ITAL6503_S1 succeed!
Course ITAL6505_S1 succeed!
Course ITAL6509_S1 succeed!
Course JPNS1001_S1 has no data!
Course JPNS1002_S1 has no data!
Course JPNS1012_S1 succeed!
Course JPNS1014_S1 succeed!
Course JPNS2012_S1 succeed!
Course JPNS2024_S1 succeed!
Course JPNS3001_S1 succeed!
Course JPNS3007_S1 succeed!
Course JPNS3013_S1 succeed!
Course JPNS3024_S1 succeed!
Course JPNS6012_S1 succeed!
Course JPNS6014_S1 succeed!
Course JPNS6024_S1 succeed!
Course JPNS6025_S1 succeed!
Course JPNS6112_S1 succeed!
Course JPNS6114_S1 succeed!
Course JPNS6507_S1 succeed!
Course JPNS6513_S1 succeed!
Course KORE1020_S1 succeed!
Course KORE1201_S1 has no data!
Course KORE1202_S1 has no data!
Course KORE2521_S1 succeed!
Course KORE3012_S1 succeed!
Course KORE3015_S1 succeed!
Course KORE6017_S1 succeed!
Course KORE6120_S1 succeed!
Course KORE6512_S1 succeed!
Course KORE6521_S1 succeed!
Course LANG3002_S1 succeed!
Course LANG4002_S1 has no data!
Course LANG4003_S1 has no data!
Course LANG4004_S1 has no data!
Course LANG6002_S1 succeed!
Course LANG6016_S1 has no data!
Course LATN2121_S1 succeed!
Course LATN3125_S1 succeed!
Course LATN6121_S1 succeed!
Course LATN6125_S1 succeed!
Course LAWS1201_S1 succeed!
Course LAWS1203_S1 succeed!
Course LAWS1205_S1 succeed!
Course LAWS1206_S1 succeed!
Course LAWS2201_S1 succeed!
Course LAWS2203_S1 succeed!
Course LAWS2204_S1 succeed!
Course LAWS2244_S1 succeed!
Course LAWS3202_S1 has no data!
Course LAWS4002_S1 has no data!
Course LAWS4209_S1 succeed!
Course LAWS4210_S1 succeed!
Course LAWS4212_S1 succeed!
Course LAWS4213_S1 succeed!
Course LAWS4220_S1 succeed!
Course LAWS4222_S1 succeed!
Course LAWS4225_S1 succeed!
Course LAWS4230_S1 has no data!
Course LAWS4239_S1 succeed!
Course LAWS4245_S1 succeed!
Course LAWS4259_S1 succeed!
Course LAWS4264_S1 succeed!
Course LAWS4267_S1 has no data!
Course LAWS4268_S1 has no data!
Course LAWS4271_S1 succeed!
Course LAWS4278_S1 has no data!
Course LAWS4281_S1 has no data!
Course LAWS4284_S1 has no data!
Course LAWS4300_S1 has no data!
Course LAWS4304_S1 has no data!
Course LAWS5920_S1 has no data!
Course LAWS6101(O)_S1 succeed!
Course LAWS6101_S1 succeed!
Course LAWS6103_S1 succeed!
Course LAWS6104(O)_S1 has no data!
Course LAWS6104_S1 succeed!
Course LAWS6105_S1 succeed!
Course LAWS6106_S1 succeed!
Course LAWS6201_S1 succeed!
Course LAWS6203_S1 succeed!
Course LAWS6204_S1 succeed!
Course LAWS6230_S1 has no data!
Course LAWS6244_S1 succeed!
Course LAWS6267_S1 has no data!
Course LAWS6268_S1 has no data!
Course LAWS6278_S1 has no data!
Course LAWS6281_S1 has no data!
Course LAWS6284_S1 has no data!
Course LAWS6304_S1 has no data!
Course LAWS6700_S1 has no data!
Course LAWS8026_S1 has no data!
Course LAWS8074_S1 has no data!
Course LAWS8131_S1 has no data!
Course LAWS8143_S1 has no data!
Course LAWS8150_S1 has no data!
Course LAWS8177_S1 has no data!
Course LAWS8301_S1 has no data!
Course LAWS8308_S1 has no data!
Course LAWS8323_S1 has no data!
Course LAWS8420_S1 succeed!
Course LAWS8422_S1 succeed!
Course LAWS8445_S1 succeed!
Course LAWS8591_S1 has no data!
Course LAWS8650_S1 has no data!
Course LAWS8651_S1 has no data!
Course LAWS8652_S1 has no data!
Course LAWS8653_S1 has no data!
Course LAWS8656_S1 has no data!
Course LAWS8820_S1 has no data!
Course LING1001_S1 succeed!
Course LING2008_S1 succeed!
Course LING2020_S1 succeed!
Course LING2021_S1 succeed!
Course LING2034_S1 succeed!
Course LING2040_S1 succeed!
Course LING2104_S1 succeed!
Course LING2107_S1 succeed!
Course LING2521_S1 succeed!
Course LING3025_S1 has no data!
Course LING3032_S1 succeed!
Course LING3126_S1 succeed!
Course LING4009_S1 has no data!
Course LING4010_S1 has no data!
Course LING4011_S1 has no data!
Course LING4012_S1 has no data!
Course LING6001_S1 succeed!
Course LING6008_S1 succeed!
Course LING6020_S1 succeed!
Course LING6021_S1 succeed!
Course LING6026_S1 succeed!
Course LING6030_S1 succeed!
Course LING6032_S1 succeed!
Course LING6034_S1 succeed!
Course LING6040_S1 succeed!
Course LING6521_S1 succeed!
Course LING6529_S1 succeed!
Course LING8001_S1 has no data!
Course LING8003_S1 has no data!
Course LING8026_S1 succeed!
Course LING9001_S1 has no data!
Course MATH1003_S1 succeed!
Course MATH1005_S1 succeed!
Course MATH1013_S1 succeed!
Course MATH1014_S1 succeed!
Course MATH1042_S1 succeed!
Course MATH1115_S1 succeed!
Course MATH2222_S1 succeed!
Course MATH2305_S1 succeed!
Course MATH2320_S1 succeed!
Course MATH3029_S1 succeed!
Course MATH3062_S1 succeed!
Course MATH3116_S1 succeed!
Course MATH3320_S1 succeed!
Course MATH3342_S1 succeed!
Course MATH3343_S1 succeed!
Course MATH3345_S1 succeed!
Course MATH3351_S1 succeed!
Course MATH3353_S1 succeed!
Course MATH3511_S1 succeed!
Course MATH4005_S1 has no data!
Course MATH6005_S1 succeed!
Course MATH6109_S1 succeed!
Course MATH6110_S1 succeed!
Course MATH6111_S1 succeed!
Course MATH6116_S1 succeed!
Course MATH6200_S1 has no data!
Course MATH6203_S1 succeed!
Course MATH6205_S1 succeed!
Course MATH6206_S1 has no data!
Course MATH6207_S1 has no data!
Course MATH6208_S1 succeed!
Course MATH6211_S1 succeed!
Course MATH6212_S1 succeed!
Course MATH6215_S1 succeed!
Course MATH6222_S1 succeed!
Course MATH8701_S1 has no data!
Course MATH8702_S1 has no data!
Course MEAS1001_S1 succeed!
Course MEAS2000_S1 succeed!
Course MEAS2002_S1 has no data!
Course MEAS4001_S1 succeed!
Course MEAS4112_S1 succeed!
Course MEAS8010_S1 has no data!
Course MEAS8100_S1 has no data!
Course MEAS8105_S1 succeed!
Course MEAS8111_S1 succeed!
Course MEAS8112_S1 succeed!
Course MEAS8113_S1 succeed!
Course MEAS8117_S1 has no data!
Course MEAS8121_S1 has no data!
Course MEAS8124_S1 succeed!
Course MEDI4003_S1 has no data!
Course MEDI8011_S1 succeed!
Course MEDI8013A_S1 has no data!
Course MEDI8015A_S1 has no data!
Course MEDI8020A_S1 succeed!
Course MEDI8025A_S1 has no data!
Course MEDI8030A_S1 has no data!
Course MEDI8035A_S1 has no data!
Course MEDI8040A_S1 has no data!
Course MEDI8045A_S1 has no data!
Course MEDN2001_S1 succeed!
Course MEDN4001_S1 has no data!
Course MEDN6001_S1 succeed!
Course MEDN8701_S1 has no data!
Course MGMT1003_S1 succeed!
Course MGMT2001_S1 succeed!
Course MGMT2005_S1 succeed!
Course MGMT2006_S1 succeed!
Course MGMT2030_S1 succeed!
Course MGMT2100_S1 succeed!
Course MGMT3015_S1 succeed!
Course MGMT3025_S1 succeed!
Course MGMT3102_S1 succeed!
Course MGMT4006_S1 succeed!
Course MGMT4018_S1 succeed!
Course MGMT4019_S1 succeed!
Course MGMT4500_S1 has no data!
Course MGMT7007_S1 succeed!
Course MGMT7020_S1 succeed!
Course MGMT7024_S1 succeed!
Course MGMT7153_S1 succeed!
Course MGMT7165_S1 succeed!
Course MGMT7170_S1 succeed!
Course MGMT7250_S1 succeed!
Course MGMT8003_S1 succeed!
Course MGMT8006_S1 succeed!
Course MGMT8015_S1 succeed!
Course MGMT8018_S1 succeed!
Course MGMT8019_S1 succeed!
Course MGMT8022_S1 succeed!
Course MGMT8062_S1 succeed!
Course MGMT8170_S1 has no data!
Course MGMT8242_S1 succeed!
Course MGMT8270_S1 succeed!
Course MKTG2002_S1 succeed!
Course MKTG2031_S1 succeed!
Course MKTG2033_S1 succeed!
Course MKTG3023_S1 succeed!
Course MKTG4500_S1 has no data!
Course MKTG7027_S1 succeed!
Course MKTG7050_S1 succeed!
Course MKTG7260_S1 succeed!
Course MMIB8001_S1 succeed!
Course MMIB8002_S1 has no data!
Course MMIB8003_S1 succeed!
Course MMIB8004_S1 has no data!
Course MMIB8005_S1 has no data!
Course MMIB8006_S1 has no data!
Course MNGL1002_S1 succeed!
Course MNGL2002_S1 has no data!
Course MNGL6002_S1 succeed!
Course MNGL6102_S1 has no data!
Course MUSC8004_S1 has no data!
Course MUSC8005_S1 has no data!
Course MUSC8009_S1 has no data!
Course MUSC8011_S1 has no data!
Course MUSC8012_S1 succeed!
Course MUSC8017_S1 succeed!
Course MUSI1101_S1 succeed!
Course MUSI1102_S1 has no data!
Course MUSI1105_S1 succeed!
Course MUSI1110_S1 succeed!
Course MUSI1111_S1 succeed!
Course MUSI1113_S1 succeed!
Course MUSI2201_S1 succeed!
Course MUSI2202_S1 has no data!
Course MUSI2203_S1 succeed!
Course MUSI2205_S1 has no data!
Course MUSI2211_S1 succeed!
Course MUSI2220_S1 succeed!
Course MUSI2223_S1 succeed!
Course MUSI2227_S1 succeed!
Course MUSI3301_S1 succeed!
Course MUSI3302_S1 succeed!
Course MUSI3309_S1 succeed!
Course MUSI3314_S1 succeed!
Course MUSI3317_S1 succeed!
Course MUSI3319_S1 succeed!
Course MUSI3321_S1 succeed!
Course MUSI3322_S1 succeed!
Course MUSI4401_S1 succeed!
Course MUSI4404_S1 succeed!
Course MUSI4412_S1 succeed!
Course MUSI6006_S1 succeed!
Course MUSI6009_S1 succeed!
Course MUSI6110_S1 succeed!
Course MUSI6211_S1 succeed!
Course MUSI6302_S1 has no data!
Course MUSI6315_S1 succeed!
Course MUSI7001_S1 succeed!
Course MUSI7003_S1 succeed!
Course MUSI8003_S1 succeed!
Course MUSI8004_S1 succeed!
Course MUSI8005_S1 succeed!
Course MUSI8006_S1 has no data!
Course MUSI8011_S1 succeed!
Course MUSI8012_S1 has no data!
Course MUSI8013_S1 has no data!
Course MUSI8014_S1 succeed!
Course NEUR3101_S1 succeed!
Course NEUR6101_S1 succeed!
Course NEUR8001_S1 has no data!
Course NEUR8010_S1 has no data!
Course NEUR8700_S1 has no data!
Course NEUR8701_S1 has no data!
Course NEUR8704_S1 has no data!
Course NSPO8011_S1 succeed!
Course NSPO8012_S1 succeed!
Course NSPO8017_S1 has no data!
Course NSPO8018_S1 succeed!
Course NSPO8022_S1 has no data!
Course NSPO8023_S1 succeed!
Course NSPO8024_S1 has no data!
Course NSPO8031F_S1 succeed!
Course NSPO8031P_S1 succeed!
Course PASI1011_S1 succeed!
Course PASI2001_S1 succeed!
Course PASI3012_S1 has no data!
Course PASI3013_S1 succeed!
Course PASI6001_S1 succeed!
Course PASI8002_S1 succeed!
Course PERS1001_S1 succeed!
Course PERS2003_S1 succeed!
Course PERS3005_S1 succeed!
Course PERS6001_S1 succeed!
Course PERS6003_S1 succeed!
Course PERS6005_S1 succeed!
Course PHIL1004_S1 succeed!
Course PHIL1008_S1 succeed!
Course PHIL2042_S1 succeed!
Course PHIL2080_S1 succeed!
Course PHIL2100_S1 succeed!
Course PHIL2101_S1 succeed!
Course PHIL2125_S1 succeed!
Course PHIL2126_S1 succeed!
Course PHIL3072_S1 succeed!
Course PHIL3075_S1 succeed!
Course PHIL4009_S1 has no data!
Course PHIL4010_S1 has no data!
Course PHIL4011_S1 has no data!
Course PHIL4012_S1 has no data!
Course PHIL8011_S1 has no data!
Course PHYS1001_S1 succeed!
Course PHYS1013_S1 succeed!
Course PHYS1101_S1 succeed!
Course PHYS2013_S1 succeed!
Course PHYS2020_S1 succeed!
Course PHYS3005_S1 has no data!
Course PHYS3042_S1 has no data!
Course PHYS3057_S1 succeed!
Course PHYS3058_S1 has no data!
Course PHYS3060_S1 succeed!
Course PHYS3101_S1 succeed!
Course PHYS3102_S1 succeed!
Course PHYS3103_S1 succeed!
Course PHYS3104_S1 has no data!
Course PHYS3105_S1 succeed!
Course PHYS3701_S1 succeed!
Course PHYS3711_S1 succeed!
Course PHYS4003F_S1 has no data!
Course PHYS4003P_S1 has no data!
Course PHYS4004F_S1 has no data!
Course PHYS4004P_S1 has no data!
Course PHYS4100_S1 succeed!
Course PHYS4102_S1 succeed!
Course PHYS4103_S1 succeed!
Course PHYS4104_S1 succeed!
Course PHYS6013_S1 has no data!
Course PHYS6101_S1 has no data!
Course PHYS6500_S1 succeed!
Course PHYS6501_S1 succeed!
Course PHYS6503_S1 has no data!
Course PHYS6701_S1 has no data!
Course PHYS6711_S1 succeed!
Course PHYS8000_S1 has no data!
Course PHYS8011_S1 has no data!
Course PHYS8012_S1 has no data!
Course PHYS8013_S1 has no data!
Course PHYS8014_S1 succeed!
Course PHYS8015_S1 succeed!
Course PHYS8170_S1 has no data!
Course PHYS8201_S1 has no data!
Course PHYS8202_S1 has no data!
Course PHYS8203_S1 has no data!
Course PHYS8204_S1 has no data!
Course PHYS8207_S1 has no data!
Course PHYS8505_S1 has no data!
Course PHYS8506_S1 has no data!
Course POGO8004_S1 succeed!
Course POGO8016_S1 succeed!
Course POGO8021_S1 succeed!
Course POGO8024_S1 has no data!
Course POGO8062_S1 succeed!
Course POGO8072_S1 succeed!
Course POGO8090_S1 has no data!
Course POGO8095_S1 has no data!
Course POGO8102_S1 has no data!
Course POGO8115_S1 has no data!
Course POGO8401_S1 succeed!
Course POGO8500_S1 succeed!
Course POLS1002_S1 succeed!
Course POLS1005_S1 succeed!
Course POLS2009_S1 succeed!
Course POLS2011_S1 succeed!
Course POLS2069_S1 succeed!
Course POLS2070_S1 succeed!
Course POLS2095_S1 succeed!
Course POLS2102_S1 succeed!
Course POLS2119_S1 succeed!
Course POLS2126_S1 succeed!
Course POLS2127_S1 succeed!
Course POLS2130_S1 succeed!
Course POLS2133_S1 succeed!
Course POLS2135_S1 has no data!
Course POLS3001_S1 succeed!
Course POLS3038_S1 succeed!
Course POLS4011_S1 succeed!
Course POLS4013_S1 succeed!
Course POLS4027_S1 succeed!
Course POLS4031_S1 succeed!
Course POLS4039_S1 succeed!
Course POLS4043_S1 succeed!
Course POLS4047_S1 succeed!
Course POLS8027_S1 succeed!
Course POLS8031_S1 succeed!
Course POLS8039_S1 succeed!
Course POLS8042_S1 succeed!
Course POLS8043_S1 succeed!
Course POLS8046_S1 succeed!
Course POLS8047_S1 succeed!
Course POPH4005_S1 has no data!
Course POPH4100_S1 succeed!
Course POPH4101_S1 succeed!
Course POPH4315_S1 succeed!
Course POPH8100_S1 succeed!
Course POPH8101_S1 succeed!
Course POPH8102_S1 succeed!
Course POPH8103_S1 succeed!
Course POPH8106_S1 has no data!
Course POPH8315_S1 succeed!
Course POPH8318_S1 succeed!
Course POPH8552_S1 has no data!
Course PORT1001_S1 succeed!
Course PORT2001_S1 succeed!
Course PORT6501_S1 succeed!
Course PORT6503_S1 succeed!
Course PREP1010_S1 succeed!
Course PREP1011_S1 succeed!
Course PREP1012_S1 succeed!
Course PREP1013_S1 succeed!
Course PREP1014_S1 succeed!
Course PREP1015_S1 succeed!
Course PREP1016_S1 succeed!
Course PREP1017_S1 succeed!
Course PREP1018_S1 succeed!
Course PREP1107_S1 has no data!
Course PSYC1003_S1 succeed!
Course PSYC2002_S1 succeed!
Course PSYC2009_S1 succeed!
Course PSYC2595_S1 succeed!
Course PSYC3002_S1 succeed!
Course PSYC3016_S1 succeed!
Course PSYC3025_S1 succeed!
Course PSYC3030_S1 has no data!
Course PSYC4005F_S1 has no data!
Course PSYC4005P_S1 has no data!
Course PSYC4011_S1 succeed!
Course PSYC6016_S1 succeed!
Course PSYC8101_S1 has no data!
Course PSYC8103_S1 has no data!
Course PSYC8201_S1 has no data!
Course PSYC8202_S1 has no data!
Course PSYC8203_S1 has no data!
Course PSYC8204_S1 has no data!
Course PSYC8301_S1 has no data!
Course PSYC8302_S1 has no data!
Course PSYC8303_S1 has no data!
Course PSYC8304_S1 has no data!
Course PSYC9015_S1 has no data!
Course PSYC9312_S1 has no data!
Course REGN8008_S1 has no data!
Course REGN8009_S1 has no data!
Course REGN8052_S1 succeed!
Course RUSS1003_S1 succeed!
Course RUSS6002_S1 succeed!
Course SCOM1001_S1 succeed!
Course SCOM2016_S1 succeed!
Course SCOM2031_S1 succeed!
Course SCOM3003_S1 has no data!
Course SCOM3004_S1 has no data!
Course SCOM3032_S1 has no data!
Course SCOM4005_S1 has no data!
Course SCOM4014_S1 has no data!
Course SCOM4015_S1 has no data!
Course SCOM6004_S1 has no data!
Course SCOM6031_S1 succeed!
Course SCOM6032_S1 has no data!
Course SCOM7000_S1 has no data!
Course SCOM8004A_S1 has no data!
Course SCOM8014_S1 succeed!
Course SCRN1001_S1 succeed!
Course SCRN2020_S1 has no data!
Course SKRT1002(I)_S1 succeed!
Course SKRT1002(O)_S1 succeed!
Course SKRT2103(I)_S1 succeed!
Course SKRT2103(O)_S1 succeed!
Course SKRT3002(I)_S1 succeed!
Course SKRT3002(O)_S1 succeed!
Course SKRT3004(I)_S1 succeed!
Course SKRT3004(O)_S1 succeed!
Course SKRT6002(I)_S1 succeed!
Course SKRT6002(O)_S1 succeed!
Course SKRT6102(I)_S1 succeed!
Course SKRT6102(O)_S1 succeed!
Course SKRT6105(I)_S1 succeed!
Course SKRT6105(O)_S1 succeed!
Course SKRT6160(I)_S1 succeed!
Course SKRT6160(O)_S1 succeed!
Course SOCR4001_S1 succeed!
Course SOCR4008_S1 succeed!
Course SOCR8001_S1 succeed!
Course SOCR8004_S1 succeed!
Course SOCR8008_S1 succeed!
Course SOCR8011_S1 succeed!
Course SOCR8012_S1 succeed!
Course SOCR8202_S1 succeed!
Course SOCY1002_S1 succeed!
Course SOCY1006_S1 succeed!
Course SOCY2021_S1 succeed!
Course SOCY2038_S1 succeed!
Course SOCY2101_S1 succeed!
Course SOCY2161_S1 succeed!
Course SOCY2165_S1 succeed!
Course SOCY3010_S1 succeed!
Course SOCY4009_S1 succeed!
Course SOCY4010_S1 succeed!
Course SOCY9001_S1 has no data!
Course SOCY9002_S1 has no data!
Course SPAN1001_S1 succeed!
Course SPAN2001_S1 succeed!
Course SPAN2603_S1 succeed!
Course SPAN3001_S1 succeed!
Course SPAN3100_S1 succeed!
Course SPAN6501_S1 succeed!
Course SPAN6503_S1 succeed!
Course SPAN6507_S1 succeed!
Course SPAN6513_S1 succeed!
Course SPAN6516_S1 succeed!
Course STAT1003_S1 succeed!
Course STAT1008_S1 succeed!
Course STAT2001_S1 succeed!
Course STAT2008_S1 succeed!
Course STAT2032_S1 succeed!
Course STAT3004_S1 succeed!
Course STAT3012_S1 succeed!
Course STAT3013_S1 succeed!
Course STAT3032_S1 succeed!
Course STAT3035_S1 succeed!
Course STAT3040_S1 succeed!
Course STAT4010_S1 has no data!
Course STAT4018_S1 succeed!
Course STAT4027_S1 succeed!
Course STAT4029_S1 succeed!
Course STAT4035_S1 succeed!
Course STAT4038_S1 succeed!
Course STAT4040_S1 succeed!
Course STAT4055_S1 succeed!
Course STAT4072_S1 succeed!
Course STAT4102_S1 succeed!
Course STAT6013_S1 succeed!
Course STAT6014_S1 succeed!
Course STAT6038_S1 succeed!
Course STAT6039_S1 succeed!
Course STAT6046_S1 succeed!
Course STAT7018_S1 succeed!
Course STAT7029_S1 succeed!
Course STAT7040_S1 succeed!
Course STAT7042_S1 succeed!
Course STAT7055_S1 succeed!
Course STAT8002_S1 succeed!
Course STAT8003_S1 succeed!
Course STAT8010_S1 has no data!
Course STAT8024_S1 has no data!
Course STAT8025_S1 has no data!
Course STAT8027_S1 succeed!
Course STAT8035_S1 succeed!
Course STAT8053_S1 has no data!
Course STAT8500_S1 has no data!
Course STST1001_S1 succeed!
Course STST2001_S1 succeed!
Course STST2003_S1 succeed!
Course STST3002_S1 succeed!
Course STST3003_S1 succeed!
Course STST4001_S1 succeed!
Course STST7002_S1 has no data!
Course STST7005F_S1 has no data!
Course STST7005P_S1 has no data!
Course STST8001_S1 succeed!
Course STST8002_S1 succeed!
Course STST8010_S1 succeed!
Course STST8021_S1 succeed!
Course STST8057_S1 succeed!
Course STST8063_S1 has no data!
Course STST9010_S1 succeed!
Course TETM1002_S1 succeed!
Course TETM2004_S1 succeed!
Course TETM6002_S1 succeed!
Course TETM6104_S1 succeed!
Course THAI1002_S1 succeed!
Course THAI2002_S1 succeed!
Course THAI3002_S1 succeed!
Course THAI6002_S1 succeed!
Course THAI6102_S1 succeed!
Course THAI6502_S1 succeed!
Course THES4100_S1 has no data!
Course THES4102_S1 has no data!
Course THES4103_S1 has no data!
Course THES4105_S1 has no data!
Course THES4501_S1 has no data!
Course THES4502_S1 has no data!
Course THES8100_S1 has no data!
Course THES8102_S1 has no data!
Course THES8103_S1 has no data!
Course THES8105_S1 has no data!
Course TIBN1002_S1 succeed!
Course TIBN6002_S1 succeed!
Course TOKP1002_S1 succeed!
Course TOKP6002_S1 succeed!
Course TURK1001_S1 has no data!
Course TURK6001_S1 has no data!
Course UNSP5999_S1 has no data!
Course VCPG6001_S1 succeed!
Course VCPG6003_S1 succeed!
Course VCUG2002_S1 succeed!
Course VCUG3001_S1 succeed!
Course VIET1002_S1 succeed!
Course VIET2002_S1 succeed!
Course VIET3002_S1 succeed!
Course VIET6002_S1 succeed!
Course VIET6102_S1 succeed!
Course VIET6502_S1 succeed!
Course WARS1001_S1 succeed!
Course WARS2001_S1 succeed!
Scraping complete, scraped 1575 courses in total, 383 of them have empty data, time elapsed: 6 minutes and 30 seconds.
Date detected: 18 Feb 19 - 16 Jun 19
